20:53:26:GET:/api/books:PostmanRuntime/7.36.0
20:53:36:GET:/:PostmanRuntime/7.36.0
20:53:49:GET:/api:PostmanRuntime/7.36.0
20:53:53:GET:/api/:PostmanRuntime/7.36.0
20:57:23:GET:/:PostmanRuntime/7.36.0
20:58:21:GET:/api:PostmanRuntime/7.36.0
20:59:47:GET:/api/books:PostmanRuntime/7.36.0
21:1:36:GET:/api/books:PostmanRuntime/7.36.0
21:3:15:GET:/:PostmanRuntime/7.36.0
21:14:39:GET:/api/books:PostmanRuntime/7.36.0
22:54:23:GET:/api/books:PostmanRuntime/7.36.0
22:54:56:GET:/api/books/eb9a7d13-69b3-46ca-958c-7a4b08c373da:PostmanRuntime/7.36.0
23:0:51:POST:/upload/cover/eb9a7d13-69b3-46ca-958c-7a4b08c373da:PostmanRuntime/7.36.0
0:2:44:POST:/upload/cover/eb9a7d13-69b3-46ca-958c-7a4b08c373da:PostmanRuntime/7.36.0
0:3:3:POST:/upload/book-text/eb9a7d13-69b3-46ca-958c-7a4b08c373da:PostmanRuntime/7.36.0
0:3:27:POST:/upload/file/eb9a7d13-69b3-46ca-958c-7a4b08c373da:PostmanRuntime/7.36.0
0:5:22:POST:/upload/file/eb9a7d13-69b3-46ca-958c-7a4b08c373da:PostmanRuntime/7.36.0
0:18:30:POST:/upload/file/eb9a7d13-69b3-46ca-958c-7a4b08c373da:PostmanRuntime/7.36.0
0:19:42:POST:/upload/file/eb9a7d13-69b3-46ca-958c-7a4b08c373da:PostmanRuntime/7.36.0
0:21:30:POST:/upload/file/eb9a7d13-69b3-46ca-958c-7a4b08c373da:PostmanRuntime/7.36.0
0:22:2:POST:/upload/file/eb9a7d13-69b3-46ca-958c-7a4b08c373da:PostmanRuntime/7.36.0
0:22:37:POST:/upload/file/eb9a7d13-69b3-46ca-958c-7a4b08c373da:PostmanRuntime/7.36.0
0:24:46:POST:/upload/file/eb9a7d13-69b3-46ca-958c-7a4b08c373da:PostmanRuntime/7.36.0
0:25:34:POST:/upload/file/eb9a7d13-69b3-46ca-958c-7a4b08c373da:PostmanRuntime/7.36.0
0:27:40:POST:/upload/file/eb9a7d13-69b3-46ca-958c-7a4b08c373da:PostmanRuntime/7.36.0
0:30:1:POST:/upload/file/eb9a7d13-69b3-46ca-958c-7a4b08c373da:PostmanRuntime/7.36.0
0:30:53:POST:/upload/file/eb9a7d13-69b3-46ca-958c-7a4b08c373da:PostmanRuntime/7.36.0
0:31:45:POST:/upload/file/eb9a7d13-69b3-46ca-958c-7a4b08c373da:PostmanRuntime/7.36.0
0:47:47:POST:/upload/file/eb9a7d13-69b3-46ca-958c-7a4b08c373da:PostmanRuntime/7.36.0
0:49:27:POST:/upload/file/eb9a7d13-69b3-46ca-958c-7a4b08c373da:PostmanRuntime/7.36.0
0:51:47:POST:/upload/file/eb9a7d13-69b3-46ca-958c-7a4b08c373da:PostmanRuntime/7.36.0
1:4:21:POST:/upload/file/eb9a7d13-69b3-46ca-958c-7a4b08c373da:PostmanRuntime/7.36.0
1:5:37:POST:/upload/file/eb9a7d13-69b3-46ca-958c-7a4b08c373da:PostmanRuntime/7.36.0
1:18:59:POST:/upload/file/eb9a7d13-69b3-46ca-958c-7a4b08c373da:PostmanRuntime/7.36.0
1:21:53:POST:/upload/file/eb9a7d13-69b3-46ca-958c-7a4b08c373da:PostmanRuntime/7.36.0
1:22:47:POST:/upload/file/eb9a7d13-69b3-46ca-958c-7a4b08c373da:PostmanRuntime/7.36.0
1:26:58:POST:/upload/file/eb9a7d13-69b3-46ca-958c-7a4b08c373da:PostmanRuntime/7.36.0
1:28:3:POST:/upload/cover/eb9a7d13-69b3-46ca-958c-7a4b08c373da:PostmanRuntime/7.36.0
1:29:1:POST:/upload/cover/eb9a7d13-69b3-46ca-958c-7a4b08c373da:PostmanRuntime/7.36.0
1:29:21:POST:/upload/cover/eb9a7d13-69b3-46ca-958c-7a4b08c373da:PostmanRuntime/7.36.0
1:30:13:POST:/upload/cover/eb9a7d13-69b3-46ca-958c-7a4b08c373da:PostmanRuntime/7.36.0
2:1:17:POST:/uploadp/cover/eb9a7d13-69b3-46ca-958c-7a4b08c373da:PostmanRuntime/7.36.0
22:47:52:POST:/upload/cover/eb9a7d13-69b3-46ca-958c-7a4b08c373da:PostmanRuntime/7.36.0
23:11:45:POST:/upload/cover/eb9a7d13-69b3-46ca-958c-7a4b08c373da:PostmanRuntime/7.36.0
23:13:48:POST:/upload/cover/eb9a7d13-69b3-46ca-958c-7a4b08c373da:PostmanRuntime/7.36.0
23:14:41:POST:/upload/cover/eb9a7d13-69b3-46ca-958c-7a4b08c373da:PostmanRuntime/7.36.0
23:16:8:POST:/upload/cover/eb9a7d13-69b3-46ca-958c-7a4b08c373da:PostmanRuntime/7.36.0
23:16:44:POST:/upload/cover/eb9a7d13-69b3-46ca-958c-7a4b08c373da:PostmanRuntime/7.36.0
23:17:50:POST:/upload/cover/eb9a7d13-69b3-46ca-958c-7a4b08c373da:PostmanRuntime/7.36.0
23:20:39:POST:/upload/cover/eb9a7d13-69b3-46ca-958c-7a4b08c373da1:PostmanRuntime/7.36.0
23:20:56:POST:/upload/cover/eb9a7d13-69b3-46ca-958c-7a4b08c373da:PostmanRuntime/7.36.0
23:21:12:GET:/:PostmanRuntime/7.36.0
23:21:27:GET:/api/books/:PostmanRuntime/7.36.0
23:21:43:GET:/api/books/241d6d9c-bf0e-4a06-b0e3-d91e2aae4cc3:PostmanRuntime/7.36.0
23:21:58:POST:/upload/cover/241d6d9c-bf0e-4a06-b0e3-d91e2aae4cc3:PostmanRuntime/7.36.0
23:22:47:POST:/upload/cover/241d6d9c-bf0e-4a06-b0e3-d91e2aae4cc3:PostmanRuntime/7.36.0
23:23:54:POST:/upload/cover/241d6d9c-bf0e-4a06-b0e3-d91e2aae4cc3:PostmanRuntime/7.36.0
23:24:49:POST:/upload/cover/241d6d9c-bf0e-4a06-b0e3-d91e2aae4cc3:PostmanRuntime/7.36.0
23:25:35:POST:/upload/cover/241d6d9c-bf0e-4a06-b0e3-d91e2aae4cc3:PostmanRuntime/7.36.0
23:26:17:POST:/upload/cover/241d6d9c-bf0e-4a06-b0e3-d91e2aae4cc3:PostmanRuntime/7.36.0
23:45:21:POST:/upload/cover/241d6d9c-bf0e-4a06-b0e3-d91e2aae4cc3:PostmanRuntime/7.36.0
23:46:14:POST:/upload/cover/241d6d9c-bf0e-4a06-b0e3-d91e2aae4cc3:PostmanRuntime/7.36.0
23:46:42:POST:/upload/cover/241d6d9c-bf0e-4a06-b0e3-d91e2aae4cc3:PostmanRuntime/7.36.0
23:47:10:POST:/upload/cover/241d6d9c-bf0e-4a06-b0e3-d91e2aae4cc3:PostmanRuntime/7.36.0
23:49:32:POST:/upload/cover/241d6d9c-bf0e-4a06-b0e3-d91e2aae4cc3:PostmanRuntime/7.36.0
23:50:23:POST:/upload/cover/241d6d9c-bf0e-4a06-b0e3-d91e2aae4cc3:PostmanRuntime/7.36.0
23:50:48:POST:/upload/cover/241d6d9c-bf0e-4a06-b0e3-d91e2aae4cc3:PostmanRuntime/7.36.0
23:51:46:POST:/upload/cover/241d6d9c-bf0e-4a06-b0e3-d91e2aae4cc3:PostmanRuntime/7.36.0
23:52:10:POST:/upload/cover/241d6d9c-bf0e-4a06-b0e3-d91e2aae4cc3:PostmanRuntime/7.36.0
23:52:54:POST:/upload/cover/241d6d9c-bf0e-4a06-b0e3-d91e2aae4cc3:PostmanRuntime/7.36.0
23:54:17:POST:/upload/cover/241d6d9c-bf0e-4a06-b0e3-d91e2aae4cc3:PostmanRuntime/7.36.0
23:54:48:POST:/upload/cover/241d6d9c-bf0e-4a06-b0e3-d91e2aae4cc3:PostmanRuntime/7.36.0
23:56:28:GET:/api/books/241d6d9c-bf0e-4a06-b0e3-d91e2aae4cc3:PostmanRuntime/7.36.0
23:57:19:GET:/api/books/:PostmanRuntime/7.36.0
23:57:37:POST:/upload/cover/85da90d3-9261-4ca4-b8f0-75647b44e37a:PostmanRuntime/7.36.0
0:0:10:POST:/upload/cover/85da90d3-9261-4ca4-b8f0-75647b44e37a:PostmanRuntime/7.36.0
0:0:48:POST:/upload/cover/85da90d3-9261-4ca4-b8f0-75647b44e37a:PostmanRuntime/7.36.0
0:1:0:GET:/api/books/:PostmanRuntime/7.36.0
0:4:8:GET:/api/books/:PostmanRuntime/7.36.0
0:9:48:POST:/api/books/:PostmanRuntime/7.36.0
0:11:7:POST:/api/books/:PostmanRuntime/7.36.0
0:11:20:POST:/api/books/:PostmanRuntime/7.36.0
0:20:5:POST:/api/books/?title=%D0%BD%D0%B0%D0%B7%D0%B2%D0%B0%D0%BD%D0%B8%D0%B5%20%D0%BA%D0%BD%D0%B8%D0%B3%D0%B8&description=%D0%BE%D0%BF%D0%B8%D1%81%D0%B0%D0%BD%D0%B8%D0%B5%20%D0%BA%D0%BD%D0%B8%D0%B3%D0%B8:PostmanRuntime/7.36.0
0:21:2:POST:/api/books/?title=%D0%BD%D0%B0%D0%B7%D0%B2%D0%B0%D0%BD%D0%B8%D0%B5%20%D0%BA%D0%BD%D0%B8%D0%B3%D0%B8&description=%D0%BE%D0%BF%D0%B8%D1%81%D0%B0%D0%BD%D0%B8%D0%B5%20%D0%BA%D0%BD%D0%B8%D0%B3%D0%B8:PostmanRuntime/7.36.0
0:22:15:POST:/api/books/?title=%D0%BD%D0%B0%D0%B7%D0%B2%D0%B0%D0%BD%D0%B8%D0%B5%20%D0%BA%D0%BD%D0%B8%D0%B3%D0%B8&description=%D0%BE%D0%BF%D0%B8%D1%81%D0%B0%D0%BD%D0%B8%D0%B5%20%D0%BA%D0%BD%D0%B8%D0%B3%D0%B8:PostmanRuntime/7.36.0
0:22:36:POST:/api/books/:PostmanRuntime/7.36.0
0:23:57:GET:/api/books/:PostmanRuntime/7.36.0
0:24:35:POST:/upload/cover/06fe83af-bcd7-4f1d-aa92-8c203b9a0ca8:PostmanRuntime/7.36.0
0:26:40:POST:/upload/cover/06fe83af-bcd7-4f1d-aa92-8c203b9a0ca8:PostmanRuntime/7.36.0
0:27:27:GET:/api/books/:PostmanRuntime/7.36.0
0:34:10:POST:/api/books/:PostmanRuntime/7.36.0
0:35:17:POST:/api/books/:PostmanRuntime/7.36.0
0:35:55:POST:/api/books/:PostmanRuntime/7.36.0
0:42:21:POST:/api/books/:PostmanRuntime/7.36.0
0:43:25:POST:/api/books/:PostmanRuntime/7.36.0
0:46:15:POST:/api/books/:PostmanRuntime/7.36.0
0:47:21:POST:/api/books/:PostmanRuntime/7.36.0
0:48:25:POST:/api/books/:PostmanRuntime/7.36.0
0:48:49:POST:/api/books/:PostmanRuntime/7.36.0
1:28:37:POST:/api/books/:PostmanRuntime/7.36.0
3:33:52:GET:/api/books/:PostmanRuntime/7.32.1
3:36:24:POST:/api/books/:PostmanRuntime/7.32.1
3:37:2:POST:/api/books/:PostmanRuntime/7.32.1
3:38:10:POST:/api/books/:PostmanRuntime/7.32.1
3:38:19:GET:/api/books/:PostmanRuntime/7.32.1
3:39:46:GET:/api/books/:PostmanRuntime/7.32.1
3:42:20:GET:/api/books/:PostmanRuntime/7.32.1
3:42:57:GET:/api/books/:PostmanRuntime/7.32.1
3:44:12:GET:/api/books/:PostmanRuntime/7.32.1
3:44:43:GET:/api/books/:PostmanRuntime/7.32.1
3:45:36:GET:/api/books/:PostmanRuntime/7.32.1
3:46:11:POST:/api/books/:PostmanRuntime/7.32.1
3:46:26:GET:/api/books/:PostmanRuntime/7.32.1
3:47:4:GET:/api/books/:PostmanRuntime/7.32.1
3:47:26:GET:/api/books/:PostmanRuntime/7.32.1
3:47:50:GET:/api/books/:PostmanRuntime/7.32.1
3:48:42:GET:/api/books/:PostmanRuntime/7.32.1
3:54:40:POST:/api/books/:PostmanRuntime/7.32.1
3:57:23:GET:/api/books/:PostmanRuntime/7.32.1
4:24:44:GET:/api/books/:PostmanRuntime/7.32.1
4:24:49:POST:/api/books/:PostmanRuntime/7.32.1
4:25:3:GET:/api/books/:PostmanRuntime/7.32.1
5:13:30:GET:/api/books/:PostmanRuntime/7.32.1
5:15:5:GET:/api/books/:PostmanRuntime/7.32.1
5:15:43:POST:/api/books/:PostmanRuntime/7.32.1
5:15:54:GET:/api/books/:PostmanRuntime/7.32.1
5:18:27:GET:/api/books/1683963b-6048-42a2-a6ea-3d36b1b2f460:PostmanRuntime/7.32.1
5:34:12:POST:/upload/cover/eb9a7d13-69b3-46ca-958c-7a4b08c373da:PostmanRuntime/7.32.1
5:35:17:POST:/upload/cover/eb9a7d13-69b3-46ca-958c-7a4b08c373da:PostmanRuntime/7.32.1
5:36:17:GET:/api/books/:PostmanRuntime/7.32.1
5:36:45:POST:/upload/cover/a8322cb2-5227-46e9-a3c6-eb8a169914c4:PostmanRuntime/7.32.1
5:39:30:POST:/upload/cover/a8322cb2-5227-46e9-a3c6-eb8a169914c4:PostmanRuntime/7.32.1
5:40:1:POST:/upload/cover/a8322cb2-5227-46e9-a3c6-eb8a169914c4:PostmanRuntime/7.32.1
5:43:6:POST:/upload/cover/a8322cb2-5227-46e9-a3c6-eb8a169914c4:PostmanRuntime/7.32.1
5:45:34:POST:/upload/cover/a8322cb2-5227-46e9-a3c6-eb8a169914c4:PostmanRuntime/7.32.1
5:46:55:GET:/api/books/a8322cb2-5227-46e9-a3c6-eb8a169914c4:PostmanRuntime/7.32.1
5:49:50:POST:/upload/cover/a8322cb2-5227-46e9-a3c6-eb8a169914c4:PostmanRuntime/7.32.1
5:50:49:POST:/upload/cover/a8322cb2-5227-46e9-a3c6-eb8a169914c4:PostmanRuntime/7.32.1
6:48:38:POST:/upload/cover/a8322cb2-5227-46e9-a3c6-eb8a169914c4:PostmanRuntime/7.32.1
6:50:39:POST:/upload/cover/a8322cb2-5227-46e9-a3c6-eb8a169914c4:PostmanRuntime/7.32.1
6:52:25:POST:/upload/cover/a8322cb2-5227-46e9-a3c6-eb8a169914c4:PostmanRuntime/7.32.1
6:53:2:POST:/upload/cover/a8322cb2-5227-46e9-a3c6-eb8a169914c4:PostmanRuntime/7.32.1
6:53:43:POST:/upload/cover/a8322cb2-5227-46e9-a3c6-eb8a169914c4:PostmanRuntime/7.32.1
6:55:11:POST:/upload/cover/a8322cb2-5227-46e9-a3c6-eb8a169914c4:PostmanRuntime/7.32.1
6:57:24:POST:/upload/cover/a8322cb2-5227-46e9-a3c6-eb8a169914c4:PostmanRuntime/7.32.1
6:58:11:POST:/upload/cover/a8322cb2-5227-46e9-a3c6-eb8a169914c4:PostmanRuntime/7.32.1
6:59:51:POST:/upload/cover/a8322cb2-5227-46e9-a3c6-eb8a169914c4:PostmanRuntime/7.32.1
7:0:24:POST:/upload/cover/a8322cb2-5227-46e9-a3c6-eb8a169914c4:PostmanRuntime/7.32.1
7:3:55:POST:/upload/cover/a8322cb2-5227-46e9-a3c6-eb8a169914c4:PostmanRuntime/7.32.1
7:7:32:POST:/upload/cover/a8322cb2-5227-46e9-a3c6-eb8a169914c4:PostmanRuntime/7.32.1
7:8:31:POST:/upload/cover/a8322cb2-5227-46e9-a3c6-eb8a169914c4:PostmanRuntime/7.32.1
7:9:45:POST:/upload/cover/a8322cb2-5227-46e9-a3c6-eb8a169914c4:PostmanRuntime/7.32.1
7:10:21:POST:/upload/cover/a8322cb2-5227-46e9-a3c6-eb8a169914c4:PostmanRuntime/7.32.1
7:11:36:POST:/upload/cover/a8322cb2-5227-46e9-a3c6-eb8a169914c4:PostmanRuntime/7.32.1
7:11:59:POST:/upload/cover/a8322cb2-5227-46e9-a3c6-eb8a169914c4:PostmanRuntime/7.32.1
7:13:59:POST:/upload/cover/a8322cb2-5227-46e9-a3c6-eb8a169914c4:PostmanRuntime/7.32.1
7:19:21:POST:/upload/cover/a8322cb2-5227-46e9-a3c6-eb8a169914c4:PostmanRuntime/7.32.1
7:19:59:POST:/upload/cover/a8322cb2-5227-46e9-a3c6-eb8a169914c4:PostmanRuntime/7.32.1
7:21:30:POST:/upload/cover/a8322cb2-5227-46e9-a3c6-eb8a169914c4:PostmanRuntime/7.32.1
7:22:6:POST:/upload/cover/a8322cb2-5227-46e9-a3c6-eb8a169914c4:PostmanRuntime/7.32.1
7:22:55:POST:/upload/file/a8322cb2-5227-46e9-a3c6-eb8a169914c4:PostmanRuntime/7.32.1
7:23:6:GET:/api/books/a8322cb2-5227-46e9-a3c6-eb8a169914c4:PostmanRuntime/7.32.1
7:25:37:POST:/upload/file/a8322cb2-5227-46e9-a3c6-eb8a169914c4:PostmanRuntime/7.32.1
7:25:44:GET:/api/books/a8322cb2-5227-46e9-a3c6-eb8a169914c4:PostmanRuntime/7.32.1
10:53:36:POST:/api/upload/file/:id:PostmanRuntime/7.32.1
10:56:12:GET:/api/books/:PostmanRuntime/7.32.1
10:56:48:GET:/api/books/1683963b-6048-42a2-a6ea-3d36b1b2f460:PostmanRuntime/7.32.1
10:58:16:GET:/api/books/1683963b-6048-42a2-a6ea-3d36b1b2f460:PostmanRuntime/7.32.1
10:58:27:POST:/api/upload/file/:id:PostmanRuntime/7.32.1
10:58:37:GET:/api/books/1683963b-6048-42a2-a6ea-3d36b1b2f460:PostmanRuntime/7.32.1
10:58:55:POST:/api/upload/file/1683963b-6048-42a2-a6ea-3d36b1b2f460:PostmanRuntime/7.32.1
10:59:15:POST:/api/upload/file/1683963b-6048-42a2-a6ea-3d36b1b2f460:PostmanRuntime/7.32.1
10:59:58:GET:/api/books/1683963b-6048-42a2-a6ea-3d36b1b2f460:PostmanRuntime/7.32.1
11:0:36:POST:/upload/cover/1683963b-6048-42a2-a6ea-3d36b1b2f460:PostmanRuntime/7.32.1
11:1:6:GET:/api/books/1683963b-6048-42a2-a6ea-3d36b1b2f460:PostmanRuntime/7.32.1
11:1:36:POST:/api/upload/file/1683963b-6048-42a2-a6ea-3d36b1b2f460:PostmanRuntime/7.32.1
11:2:0:POST:/api/upload/file/1683963b-6048-42a2-a6ea-3d36b1b2f460:PostmanRuntime/7.32.1
11:2:43:POST:/api/upload/file/1683963b-6048-42a2-a6ea-3d36b1b2f460:PostmanRuntime/7.32.1
11:3:4:POST:/api/upload/file/1683963b-6048-42a2-a6ea-3d36b1b2f460:PostmanRuntime/7.32.1
11:3:18:GET:/api/books/1683963b-6048-42a2-a6ea-3d36b1b2f460:PostmanRuntime/7.32.1
11:3:27:POST:/upload/cover/1683963b-6048-42a2-a6ea-3d36b1b2f460:PostmanRuntime/7.32.1
11:3:34:GET:/api/books/1683963b-6048-42a2-a6ea-3d36b1b2f460:PostmanRuntime/7.32.1
11:4:33:POST:/api/upload/file/1683963b-6048-42a2-a6ea-3d36b1b2f460:PostmanRuntime/7.32.1
11:6:7:POST:/upload/file/1683963b-6048-42a2-a6ea-3d36b1b2f460:PostmanRuntime/7.32.1
11:6:14:GET:/api/books/1683963b-6048-42a2-a6ea-3d36b1b2f460:PostmanRuntime/7.32.1
16:42:10:GET:/:Mozilla/5.0 (X11; Linux x86_64; rv:121.0) Gecko/20100101 Firefox/121.0
16:42:17:GET:/:Mozilla/5.0 (X11; Linux x86_64; rv:121.0) Gecko/20100101 Firefox/121.0
16:43:17:GET:/:Mozilla/5.0 (X11; Linux x86_64; rv:121.0) Gecko/20100101 Firefox/121.0
16:44:28:GET:/api/:Mozilla/5.0 (X11; Linux x86_64; rv:121.0) Gecko/20100101 Firefox/121.0
16:44:37:GET:/api/books:Mozilla/5.0 (X11; Linux x86_64; rv:121.0) Gecko/20100101 Firefox/121.0
16:49:59:POST:/upload/cover/1683963b-6048-42a2-a6ea-3d36b1b2f460:PostmanRuntime/7.32.1
16:54:59:POST:/upload/file/1683963b-6048-42a2-a6ea-3d36b1b2f460:PostmanRuntime/7.32.1
16:59:45:GET:/api/books/:PostmanRuntime/7.32.1
17:1:57:GET:/api/books/1683963b-6048-42a2-a6ea-3d36b1b2f460/download:PostmanRuntime/7.32.1
17:3:6:GET:/api/books/1683963b-6048-42a2-a6ea-3d36b1b2f460/download:PostmanRuntime/7.32.1
17:4:25:GET:/api/books/1683963b-6048-42a2-a6ea-3d36b1b2f460/download:PostmanRuntime/7.32.1
17:5:24:GET:/api/books/1683963b-6048-42a2-a6ea-3d36b1b2f460/download:PostmanRuntime/7.32.1
17:13:41:GET:/api/books/:PostmanRuntime/7.32.1
17:14:38:POST:/upload/file/1683963b-6048-42a2-a6ea-3d36b1b2f460:PostmanRuntime/7.32.1
17:16:10:POST:/upload/file/1683963b-6048-42a2-a6ea-3d36b1b2f460:PostmanRuntime/7.32.1
17:16:37:POST:/upload/file/1683963b-6048-42a2-a6ea-3d36b1b2f460:PostmanRuntime/7.32.1
17:17:25:POST:/upload/cover/1683963b-6048-42a2-a6ea-3d36b1b2f460:PostmanRuntime/7.32.1
17:18:0:GET:/api/books/1683963b-6048-42a2-a6ea-3d36b1b2f460/download:PostmanRuntime/7.32.1
18:53:8:GET:/api/books/:PostmanRuntime/7.32.1
18:54:59:GET:/api/books/1683963b-6048-42a2-a6ea-3d36b1b2f460/download:PostmanRuntime/7.32.1
18:59:2:DELETE:/api/books/1683963b-6048-42a2-a6ea-3d36b1b2f460:PostmanRuntime/7.32.1
18:59:13:GET:/api/books/:PostmanRuntime/7.32.1
19:0:4:DELETE:/api/books/a8322cb2-5227-46e9-a3c6-eb8a169914c4:PostmanRuntime/7.32.1
19:0:8:GET:/api/books/:PostmanRuntime/7.32.1
19:0:15:DELETE:/api/books/a8322cb2-5227-46e9-a3c6-eb8a169914c4:PostmanRuntime/7.32.1
7:43:49:GET:/:Mozilla/5.0 (Android 13; Mobile; rv:121.0) Gecko/121.0 Firefox/121.0
7:49:4:GET:/:Mozilla/5.0 (Android 13; Mobile; rv:121.0) Gecko/121.0 Firefox/121.0
7:54:23:GET:/:Mozilla/5.0 (Android 13; Mobile; rv:121.0) Gecko/121.0 Firefox/121.0
8:54:52:GET:/:Mozilla/5.0 (X11; Linux x86_64; rv:121.0) Gecko/20100101 Firefox/121.0
8:54:53:GET:/favicon.ico:Mozilla/5.0 (X11; Linux x86_64; rv:121.0) Gecko/20100101 Firefox/121.0
8:55:2:GET:/:Mozilla/5.0 (X11; Linux x86_64; rv:121.0) Gecko/20100101 Firefox/121.0
9:53:32:GET:/:Mozilla/5.0 (X11; Linux x86_64; rv:121.0) Gecko/20100101 Firefox/121.0
9:58:44:GET:/:Mozilla/5.0 (X11; Linux x86_64; rv:121.0) Gecko/20100101 Firefox/121.0
9:59:45:GET:/:Mozilla/5.0 (X11; Linux x86_64; rv:121.0) Gecko/20100101 Firefox/121.0
10:0:8:GET:/:Mozilla/5.0 (X11; Linux x86_64; rv:121.0) Gecko/20100101 Firefox/121.0
16:47:2:GET:/:Mozilla/5.0 (X11; Linux x86_64; rv:121.0) Gecko/20100101 Firefox/121.0
16:50:35:GET:/:Mozilla/5.0 (X11; Linux x86_64; rv:121.0) Gecko/20100101 Firefox/121.0
16:54:19:GET:/:Mozilla/5.0 (X11; Linux x86_64; rv:121.0) Gecko/20100101 Firefox/121.0
16:54:21:GET:/favicon.ico:Mozilla/5.0 (X11; Linux x86_64; rv:121.0) Gecko/20100101 Firefox/121.0
16:54:50:GET:/:Mozilla/5.0 (X11; Linux x86_64; rv:121.0) Gecko/20100101 Firefox/121.0
17:7:34:GET:/:Mozilla/5.0 (X11; Linux x86_64; rv:121.0) Gecko/20100101 Firefox/121.0
17:7:35:GET:/js/bootstrap.min.js:Mozilla/5.0 (X11; Linux x86_64; rv:121.0) Gecko/20100101 Firefox/121.0
17:7:35:GET:/js/bootstrap.min.js:Mozilla/5.0 (X11; Linux x86_64; rv:121.0) Gecko/20100101 Firefox/121.0
17:7:54:GET:/:Mozilla/5.0 (X11; Linux x86_64; rv:121.0) Gecko/20100101 Firefox/121.0
18:56:23:GET:/:Mozilla/5.0 (X11; Linux x86_64; rv:121.0) Gecko/20100101 Firefox/121.0
18:57:38:GET:/:Mozilla/5.0 (X11; Linux x86_64; rv:121.0) Gecko/20100101 Firefox/121.0
23:33:48:GET:/:Mozilla/5.0 (X11; Linux x86_64; rv:121.0) Gecko/20100101 Firefox/121.0
23:33:48:GET:/favicon.ico:Mozilla/5.0 (X11; Linux x86_64; rv:121.0) Gecko/20100101 Firefox/121.0
23:33:58:GET:/:Mozilla/5.0 (X11; Linux x86_64; rv:121.0) Gecko/20100101 Firefox/121.0
23:34:5:GET:/:Mozilla/5.0 (X11; Linux x86_64; rv:121.0) Gecko/20100101 Firefox/121.0
23:34:9:GET:/todo:Mozilla/5.0 (X11; Linux x86_64; rv:121.0) Gecko/20100101 Firefox/121.0
1:24:24:GET:/:Mozilla/5.0 (X11; Ubuntu; Linux x86_64; rv:109.0) Gecko/20100101 Firefox/118.0
1:24:26:GET:/favicon.ico:Mozilla/5.0 (X11; Ubuntu; Linux x86_64; rv:109.0) Gecko/20100101 Firefox/118.0
1:24:34:GET:/books:Mozilla/5.0 (X11; Ubuntu; Linux x86_64; rv:109.0) Gecko/20100101 Firefox/118.0
4:28:40:GET:/:Mozilla/5.0 (X11; Ubuntu; Linux x86_64; rv:109.0) Gecko/20100101 Firefox/118.0
4:38:10:GET:/:Mozilla/5.0 (X11; Ubuntu; Linux x86_64; rv:109.0) Gecko/20100101 Firefox/118.0
4:38:25:GET:/:Mozilla/5.0 (X11; Ubuntu; Linux x86_64; rv:109.0) Gecko/20100101 Firefox/118.0
4:39:9:GET:/:Mozilla/5.0 (X11; Ubuntu; Linux x86_64; rv:109.0) Gecko/20100101 Firefox/118.0
4:40:2:GET:/:Mozilla/5.0 (X11; Ubuntu; Linux x86_64; rv:109.0) Gecko/20100101 Firefox/118.0
4:46:3:GET:/:Mozilla/5.0 (X11; Ubuntu; Linux x86_64; rv:109.0) Gecko/20100101 Firefox/118.0
4:48:33:GET:/:Mozilla/5.0 (X11; Ubuntu; Linux x86_64; rv:109.0) Gecko/20100101 Firefox/118.0
4:49:24:GET:/:Mozilla/5.0 (X11; Ubuntu; Linux x86_64; rv:109.0) Gecko/20100101 Firefox/118.0
4:49:28:GET:/favicon.ico:Mozilla/5.0 (X11; Ubuntu; Linux x86_64; rv:109.0) Gecko/20100101 Firefox/118.0
4:49:32:GET:/books:Mozilla/5.0 (X11; Ubuntu; Linux x86_64; rv:109.0) Gecko/20100101 Firefox/118.0
4:52:22:GET:/books:Mozilla/5.0 (X11; Ubuntu; Linux x86_64; rv:109.0) Gecko/20100101 Firefox/118.0
4:53:28:GET:/books:Mozilla/5.0 (X11; Ubuntu; Linux x86_64; rv:109.0) Gecko/20100101 Firefox/118.0
4:54:6:GET:/books:Mozilla/5.0 (X11; Ubuntu; Linux x86_64; rv:109.0) Gecko/20100101 Firefox/118.0
4:54:30:GET:/books:Mozilla/5.0 (X11; Ubuntu; Linux x86_64; rv:109.0) Gecko/20100101 Firefox/118.0
4:56:1:GET:/books:Mozilla/5.0 (X11; Ubuntu; Linux x86_64; rv:109.0) Gecko/20100101 Firefox/118.0
4:56:8:GET:/books:Mozilla/5.0 (X11; Ubuntu; Linux x86_64; rv:109.0) Gecko/20100101 Firefox/118.0
4:56:11:GET:/:Mozilla/5.0 (X11; Ubuntu; Linux x86_64; rv:109.0) Gecko/20100101 Firefox/118.0
4:56:16:GET:/books:Mozilla/5.0 (X11; Ubuntu; Linux x86_64; rv:109.0) Gecko/20100101 Firefox/118.0
4:57:21:GET:/books:Mozilla/5.0 (X11; Ubuntu; Linux x86_64; rv:109.0) Gecko/20100101 Firefox/118.0
4:57:25:GET:/:Mozilla/5.0 (X11; Ubuntu; Linux x86_64; rv:109.0) Gecko/20100101 Firefox/118.0
4:57:27:GET:/books:Mozilla/5.0 (X11; Ubuntu; Linux x86_64; rv:109.0) Gecko/20100101 Firefox/118.0
5:5:49:GET:/books:Mozilla/5.0 (X11; Ubuntu; Linux x86_64; rv:109.0) Gecko/20100101 Firefox/118.0
5:5:51:GET:/favicon.ico:Mozilla/5.0 (X11; Ubuntu; Linux x86_64; rv:109.0) Gecko/20100101 Firefox/118.0
5:5:51:GET:/create:Mozilla/5.0 (X11; Ubuntu; Linux x86_64; rv:109.0) Gecko/20100101 Firefox/118.0
5:7:16:GET:/create:Mozilla/5.0 (X11; Ubuntu; Linux x86_64; rv:109.0) Gecko/20100101 Firefox/118.0
5:8:29:GET:/create:Mozilla/5.0 (X11; Ubuntu; Linux x86_64; rv:109.0) Gecko/20100101 Firefox/118.0
5:8:54:GET:/create:Mozilla/5.0 (X11; Ubuntu; Linux x86_64; rv:109.0) Gecko/20100101 Firefox/118.0
5:9:20:GET:/create:Mozilla/5.0 (X11; Ubuntu; Linux x86_64; rv:109.0) Gecko/20100101 Firefox/118.0
5:10:31:GET:/books:Mozilla/5.0 (X11; Ubuntu; Linux x86_64; rv:109.0) Gecko/20100101 Firefox/118.0
5:10:35:GET:/books:Mozilla/5.0 (X11; Ubuntu; Linux x86_64; rv:109.0) Gecko/20100101 Firefox/118.0
5:13:7:GET:/create:Mozilla/5.0 (X11; Ubuntu; Linux x86_64; rv:109.0) Gecko/20100101 Firefox/118.0
5:14:37:GET:/create:Mozilla/5.0 (X11; Ubuntu; Linux x86_64; rv:109.0) Gecko/20100101 Firefox/118.0
5:15:36:GET:/create:Mozilla/5.0 (X11; Ubuntu; Linux x86_64; rv:109.0) Gecko/20100101 Firefox/118.0
5:17:41:GET:/create:Mozilla/5.0 (X11; Ubuntu; Linux x86_64; rv:109.0) Gecko/20100101 Firefox/118.0
5:21:49:GET:/create:Mozilla/5.0 (X11; Ubuntu; Linux x86_64; rv:109.0) Gecko/20100101 Firefox/118.0
5:25:17:GET:/create:Mozilla/5.0 (X11; Ubuntu; Linux x86_64; rv:109.0) Gecko/20100101 Firefox/118.0
5:28:56:GET:/create:Mozilla/5.0 (X11; Ubuntu; Linux x86_64; rv:109.0) Gecko/20100101 Firefox/118.0
5:31:29:GET:/create:Mozilla/5.0 (X11; Ubuntu; Linux x86_64; rv:109.0) Gecko/20100101 Firefox/118.0
5:32:22:GET:/create:Mozilla/5.0 (X11; Ubuntu; Linux x86_64; rv:109.0) Gecko/20100101 Firefox/118.0
5:34:2:GET:/create:Mozilla/5.0 (X11; Ubuntu; Linux x86_64; rv:109.0) Gecko/20100101 Firefox/118.0
5:35:3:GET:/create:Mozilla/5.0 (X11; Ubuntu; Linux x86_64; rv:109.0) Gecko/20100101 Firefox/118.0
5:37:5:GET:/create:Mozilla/5.0 (X11; Ubuntu; Linux x86_64; rv:109.0) Gecko/20100101 Firefox/118.0
5:51:52:GET:/create:Mozilla/5.0 (X11; Ubuntu; Linux x86_64; rv:109.0) Gecko/20100101 Firefox/118.0
5:52:35:GET:/create:Mozilla/5.0 (X11; Ubuntu; Linux x86_64; rv:109.0) Gecko/20100101 Firefox/118.0
5:53:33:GET:/create:Mozilla/5.0 (X11; Ubuntu; Linux x86_64; rv:109.0) Gecko/20100101 Firefox/118.0
5:56:27:GET:/create:Mozilla/5.0 (X11; Ubuntu; Linux x86_64; rv:109.0) Gecko/20100101 Firefox/118.0
5:58:16:GET:/create:Mozilla/5.0 (X11; Ubuntu; Linux x86_64; rv:109.0) Gecko/20100101 Firefox/118.0
5:59:40:GET:/create:Mozilla/5.0 (X11; Ubuntu; Linux x86_64; rv:109.0) Gecko/20100101 Firefox/118.0
6:29:27:GET:/create:Mozilla/5.0 (X11; Ubuntu; Linux x86_64; rv:109.0) Gecko/20100101 Firefox/118.0
6:29:30:GET:/favicon.ico:Mozilla/5.0 (X11; Ubuntu; Linux x86_64; rv:109.0) Gecko/20100101 Firefox/118.0
6:33:39:GET:/create:Mozilla/5.0 (X11; Ubuntu; Linux x86_64; rv:109.0) Gecko/20100101 Firefox/118.0
6:39:28:GET:/create:Mozilla/5.0 (X11; Ubuntu; Linux x86_64; rv:109.0) Gecko/20100101 Firefox/118.0
6:40:30:GET:/create:Mozilla/5.0 (X11; Ubuntu; Linux x86_64; rv:109.0) Gecko/20100101 Firefox/118.0
6:44:22:GET:/create:Mozilla/5.0 (X11; Ubuntu; Linux x86_64; rv:109.0) Gecko/20100101 Firefox/118.0
6:53:7:GET:/create:Mozilla/5.0 (X11; Ubuntu; Linux x86_64; rv:109.0) Gecko/20100101 Firefox/118.0
6:56:23:GET:/create:Mozilla/5.0 (X11; Ubuntu; Linux x86_64; rv:109.0) Gecko/20100101 Firefox/118.0
22:45:47:GET:/create:Mozilla/5.0 (X11; Ubuntu; Linux x86_64; rv:109.0) Gecko/20100101 Firefox/118.0
22:45:52:GET:/favicon.ico:Mozilla/5.0 (X11; Ubuntu; Linux x86_64; rv:109.0) Gecko/20100101 Firefox/118.0
23:19:41:GET:/create:Mozilla/5.0 (X11; Ubuntu; Linux x86_64; rv:109.0) Gecko/20100101 Firefox/118.0
23:19:47:POST:/create:Mozilla/5.0 (X11; Ubuntu; Linux x86_64; rv:109.0) Gecko/20100101 Firefox/118.0
23:20:53:GET:/create:Mozilla/5.0 (X11; Ubuntu; Linux x86_64; rv:109.0) Gecko/20100101 Firefox/118.0
23:40:41:GET:/:Mozilla/5.0 (X11; Ubuntu; Linux x86_64; rv:109.0) Gecko/20100101 Firefox/118.0
23:40:48:GET:/books:Mozilla/5.0 (X11; Ubuntu; Linux x86_64; rv:109.0) Gecko/20100101 Firefox/118.0
23:41:10:GET:/create:Mozilla/5.0 (X11; Ubuntu; Linux x86_64; rv:109.0) Gecko/20100101 Firefox/118.0
7:20:9:GET:/create:Mozilla/5.0 (X11; Ubuntu; Linux x86_64; rv:109.0) Gecko/20100101 Firefox/118.0
19:59:4:GET:/create:Mozilla/5.0 (X11; Ubuntu; Linux x86_64; rv:109.0) Gecko/20100101 Firefox/118.0
19:59:8:GET:/favicon.ico:Mozilla/5.0 (X11; Ubuntu; Linux x86_64; rv:109.0) Gecko/20100101 Firefox/118.0
21:33:10:POST:/create:Mozilla/5.0 (X11; Ubuntu; Linux x86_64; rv:109.0) Gecko/20100101 Firefox/118.0
21:39:22:GET:/create:Mozilla/5.0 (X11; Ubuntu; Linux x86_64; rv:109.0) Gecko/20100101 Firefox/118.0
21:39:30:POST:/create:Mozilla/5.0 (X11; Ubuntu; Linux x86_64; rv:109.0) Gecko/20100101 Firefox/118.0
21:44:26:GET:/create:Mozilla/5.0 (X11; Ubuntu; Linux x86_64; rv:109.0) Gecko/20100101 Firefox/118.0
21:44:31:POST:/create:Mozilla/5.0 (X11; Ubuntu; Linux x86_64; rv:109.0) Gecko/20100101 Firefox/118.0
22:18:17:GET:/books:Mozilla/5.0 (X11; Ubuntu; Linux x86_64; rv:109.0) Gecko/20100101 Firefox/118.0
22:18:21:GET:/create:Mozilla/5.0 (X11; Ubuntu; Linux x86_64; rv:109.0) Gecko/20100101 Firefox/118.0
22:19:1:POST:/create:Mozilla/5.0 (X11; Ubuntu; Linux x86_64; rv:109.0) Gecko/20100101 Firefox/118.0
22:28:11:GET:/create:Mozilla/5.0 (X11; Ubuntu; Linux x86_64; rv:109.0) Gecko/20100101 Firefox/118.0
22:28:46:POST:/create:Mozilla/5.0 (X11; Ubuntu; Linux x86_64; rv:109.0) Gecko/20100101 Firefox/118.0
22:37:38:POST:/create:Mozilla/5.0 (X11; Ubuntu; Linux x86_64; rv:109.0) Gecko/20100101 Firefox/118.0
22:37:38:GET:/:Mozilla/5.0 (X11; Ubuntu; Linux x86_64; rv:109.0) Gecko/20100101 Firefox/118.0
22:37:46:GET:/books:Mozilla/5.0 (X11; Ubuntu; Linux x86_64; rv:109.0) Gecko/20100101 Firefox/118.0
22:52:26:GET:/books:Mozilla/5.0 (X11; Ubuntu; Linux x86_64; rv:109.0) Gecko/20100101 Firefox/118.0
22:52:32:GET:/todo/:Mozilla/5.0 (X11; Ubuntu; Linux x86_64; rv:109.0) Gecko/20100101 Firefox/118.0
23:2:27:GET:/todo/update/:Mozilla/5.0 (X11; Ubuntu; Linux x86_64; rv:109.0) Gecko/20100101 Firefox/118.0
0:55:50:GET:/books:Mozilla/5.0 (X11; Ubuntu; Linux x86_64; rv:109.0) Gecko/20100101 Firefox/118.0
0:55:53:GET:/favicon.ico:Mozilla/5.0 (X11; Ubuntu; Linux x86_64; rv:109.0) Gecko/20100101 Firefox/118.0
0:56:0:GET:/books/update/:Mozilla/5.0 (X11; Ubuntu; Linux x86_64; rv:109.0) Gecko/20100101 Firefox/118.0
0:56:2:GET:/books:Mozilla/5.0 (X11; Ubuntu; Linux x86_64; rv:109.0) Gecko/20100101 Firefox/118.0
0:56:7:GET:/books/:Mozilla/5.0 (X11; Ubuntu; Linux x86_64; rv:109.0) Gecko/20100101 Firefox/118.0
5:22:55:GET:/books/:Mozilla/5.0 (X11; Ubuntu; Linux x86_64; rv:109.0) Gecko/20100101 Firefox/118.0
5:23:55:GET:/books/:Mozilla/5.0 (X11; Ubuntu; Linux x86_64; rv:109.0) Gecko/20100101 Firefox/118.0
5:28:17:GET:/books/:Mozilla/5.0 (X11; Ubuntu; Linux x86_64; rv:109.0) Gecko/20100101 Firefox/118.0
5:28:27:GET:/books/:Mozilla/5.0 (X11; Ubuntu; Linux x86_64; rv:109.0) Gecko/20100101 Firefox/118.0
5:28:30:GET:/books/update/:Mozilla/5.0 (X11; Ubuntu; Linux x86_64; rv:109.0) Gecko/20100101 Firefox/118.0
5:33:34:GET:/books/:Mozilla/5.0 (X11; Ubuntu; Linux x86_64; rv:109.0) Gecko/20100101 Firefox/118.0
5:40:25:GET:/books/:Mozilla/5.0 (X11; Ubuntu; Linux x86_64; rv:109.0) Gecko/20100101 Firefox/118.0
5:40:29:GET:/books/:Mozilla/5.0 (X11; Ubuntu; Linux x86_64; rv:109.0) Gecko/20100101 Firefox/118.0
5:41:18:GET:/books/:Mozilla/5.0 (X11; Ubuntu; Linux x86_64; rv:109.0) Gecko/20100101 Firefox/118.0
5:41:38:GET:/books/:Mozilla/5.0 (X11; Ubuntu; Linux x86_64; rv:109.0) Gecko/20100101 Firefox/118.0
5:42:32:GET:/books/:Mozilla/5.0 (X11; Ubuntu; Linux x86_64; rv:109.0) Gecko/20100101 Firefox/118.0
5:43:17:GET:/books/:Mozilla/5.0 (X11; Ubuntu; Linux x86_64; rv:109.0) Gecko/20100101 Firefox/118.0
5:43:46:GET:/books/:Mozilla/5.0 (X11; Ubuntu; Linux x86_64; rv:109.0) Gecko/20100101 Firefox/118.0
5:44:12:GET:/books/:Mozilla/5.0 (X11; Ubuntu; Linux x86_64; rv:109.0) Gecko/20100101 Firefox/118.0
5:47:30:GET:/books/:Mozilla/5.0 (X11; Ubuntu; Linux x86_64; rv:109.0) Gecko/20100101 Firefox/118.0
5:47:49:GET:/books/:Mozilla/5.0 (X11; Ubuntu; Linux x86_64; rv:109.0) Gecko/20100101 Firefox/118.0
5:53:22:GET:/:Mozilla/5.0 (X11; Ubuntu; Linux x86_64; rv:109.0) Gecko/20100101 Firefox/118.0
5:53:27:GET:/books:Mozilla/5.0 (X11; Ubuntu; Linux x86_64; rv:109.0) Gecko/20100101 Firefox/118.0
5:54:1:GET:/books:Mozilla/5.0 (X11; Ubuntu; Linux x86_64; rv:109.0) Gecko/20100101 Firefox/118.0
5:54:57:GET:/books:Mozilla/5.0 (X11; Ubuntu; Linux x86_64; rv:109.0) Gecko/20100101 Firefox/118.0
5:56:3:GET:/books:Mozilla/5.0 (X11; Ubuntu; Linux x86_64; rv:109.0) Gecko/20100101 Firefox/118.0
5:57:1:GET:/books:Mozilla/5.0 (X11; Ubuntu; Linux x86_64; rv:109.0) Gecko/20100101 Firefox/118.0
5:57:35:GET:/books:Mozilla/5.0 (X11; Ubuntu; Linux x86_64; rv:109.0) Gecko/20100101 Firefox/118.0
5:58:0:GET:/books:Mozilla/5.0 (X11; Ubuntu; Linux x86_64; rv:109.0) Gecko/20100101 Firefox/118.0
5:58:9:GET:/books/f6834efc-afc3-4db3-86e5-992d93c38c61:Mozilla/5.0 (X11; Ubuntu; Linux x86_64; rv:109.0) Gecko/20100101 Firefox/118.0
5:58:43:GET:/books/f6834efc-afc3-4db3-86e5-992d93c38c61:Mozilla/5.0 (X11; Ubuntu; Linux x86_64; rv:109.0) Gecko/20100101 Firefox/118.0
6:14:9:GET:/books:Mozilla/5.0 (X11; Ubuntu; Linux x86_64; rv:109.0) Gecko/20100101 Firefox/118.0
6:14:59:GET:/books:Mozilla/5.0 (X11; Ubuntu; Linux x86_64; rv:109.0) Gecko/20100101 Firefox/118.0
6:31:58:GET:/books:Mozilla/5.0 (X11; Ubuntu; Linux x86_64; rv:109.0) Gecko/20100101 Firefox/118.0
6:32:32:GET:/books:Mozilla/5.0 (X11; Ubuntu; Linux x86_64; rv:109.0) Gecko/20100101 Firefox/118.0
6:33:14:GET:/books:Mozilla/5.0 (X11; Ubuntu; Linux x86_64; rv:109.0) Gecko/20100101 Firefox/118.0
6:38:24:GET:/books:Mozilla/5.0 (X11; Ubuntu; Linux x86_64; rv:109.0) Gecko/20100101 Firefox/118.0
6:45:39:GET:/create:Mozilla/5.0 (X11; Ubuntu; Linux x86_64; rv:109.0) Gecko/20100101 Firefox/118.0
6:47:7:POST:/create:Mozilla/5.0 (X11; Ubuntu; Linux x86_64; rv:109.0) Gecko/20100101 Firefox/118.0
6:47:7:GET:/:Mozilla/5.0 (X11; Ubuntu; Linux x86_64; rv:109.0) Gecko/20100101 Firefox/118.0
6:47:12:GET:/books:Mozilla/5.0 (X11; Ubuntu; Linux x86_64; rv:109.0) Gecko/20100101 Firefox/118.0
15:39:33:GET:/:Mozilla/5.0 (X11; Linux x86_64; rv:121.0) Gecko/20100101 Firefox/121.0
15:39:34:GET:/favicon.ico:Mozilla/5.0 (X11; Linux x86_64; rv:121.0) Gecko/20100101 Firefox/121.0
15:39:42:GET:/books:Mozilla/5.0 (X11; Linux x86_64; rv:121.0) Gecko/20100101 Firefox/121.0
15:39:45:GET:/create:Mozilla/5.0 (X11; Linux x86_64; rv:121.0) Gecko/20100101 Firefox/121.0
15:40:41:POST:/create:Mozilla/5.0 (X11; Linux x86_64; rv:121.0) Gecko/20100101 Firefox/121.0
15:40:42:GET:/:Mozilla/5.0 (X11; Linux x86_64; rv:121.0) Gecko/20100101 Firefox/121.0
15:48:2:GET:/:Mozilla/5.0 (X11; Linux x86_64; rv:121.0) Gecko/20100101 Firefox/121.0
15:48:6:GET:/books:Mozilla/5.0 (X11; Linux x86_64; rv:121.0) Gecko/20100101 Firefox/121.0
15:56:54:GET:/books:Mozilla/5.0 (X11; Linux x86_64; rv:121.0) Gecko/20100101 Firefox/121.0
15:56:54:GET:/favicon.ico:Mozilla/5.0 (X11; Linux x86_64; rv:121.0) Gecko/20100101 Firefox/121.0
15:56:58:GET:/create:Mozilla/5.0 (X11; Linux x86_64; rv:121.0) Gecko/20100101 Firefox/121.0
15:57:33:POST:/create:Mozilla/5.0 (X11; Linux x86_64; rv:121.0) Gecko/20100101 Firefox/121.0
15:57:33:GET:/:Mozilla/5.0 (X11; Linux x86_64; rv:121.0) Gecko/20100101 Firefox/121.0
15:57:53:GET:/create:Mozilla/5.0 (X11; Linux x86_64; rv:121.0) Gecko/20100101 Firefox/121.0
15:57:56:POST:/create:Mozilla/5.0 (X11; Linux x86_64; rv:121.0) Gecko/20100101 Firefox/121.0
15:57:56:GET:/:Mozilla/5.0 (X11; Linux x86_64; rv:121.0) Gecko/20100101 Firefox/121.0
15:58:18:POST:/create:Mozilla/5.0 (X11; Linux x86_64; rv:121.0) Gecko/20100101 Firefox/121.0
15:58:19:GET:/:Mozilla/5.0 (X11; Linux x86_64; rv:121.0) Gecko/20100101 Firefox/121.0
16:5:53:GET:/books:Mozilla/5.0 (X11; Linux x86_64; rv:121.0) Gecko/20100101 Firefox/121.0
16:20:53:GET:/:Mozilla/5.0 (X11; Linux x86_64; rv:121.0) Gecko/20100101 Firefox/121.0
16:20:55:GET:/books:Mozilla/5.0 (X11; Linux x86_64; rv:121.0) Gecko/20100101 Firefox/121.0
16:27:22:GET:/books:Mozilla/5.0 (X11; Linux x86_64; rv:121.0) Gecko/20100101 Firefox/121.0
16:29:46:GET:/books:Mozilla/5.0 (X11; Linux x86_64; rv:121.0) Gecko/20100101 Firefox/121.0
16:30:43:GET:/create:Mozilla/5.0 (X11; Linux x86_64; rv:121.0) Gecko/20100101 Firefox/121.0
16:31:18:POST:/create:Mozilla/5.0 (X11; Linux x86_64; rv:121.0) Gecko/20100101 Firefox/121.0
16:31:18:GET:/:Mozilla/5.0 (X11; Linux x86_64; rv:121.0) Gecko/20100101 Firefox/121.0
16:31:24:GET:/books:Mozilla/5.0 (X11; Linux x86_64; rv:121.0) Gecko/20100101 Firefox/121.0
16:32:19:GET:/books:Mozilla/5.0 (X11; Linux x86_64; rv:121.0) Gecko/20100101 Firefox/121.0
16:36:17:GET:/books:Mozilla/5.0 (X11; Linux x86_64; rv:121.0) Gecko/20100101 Firefox/121.0
16:36:39:GET:/books:Mozilla/5.0 (X11; Linux x86_64; rv:121.0) Gecko/20100101 Firefox/121.0
16:39:0:GET:/books/79c45cb8-b0c0-4968-949a-8378b2c2c2f9:Mozilla/5.0 (X11; Linux x86_64; rv:121.0) Gecko/20100101 Firefox/121.0
16:39:30:GET:/books/79c45cb8-b0c0-4968-949a-8378b2c2c2f9:Mozilla/5.0 (X11; Linux x86_64; rv:121.0) Gecko/20100101 Firefox/121.0
16:39:30:GET:/books/gnome-icon.png:Mozilla/5.0 (X11; Linux x86_64; rv:121.0) Gecko/20100101 Firefox/121.0
16:39:36:GET:/books/xz%20%D0%B8%D0%BD%D1%81%D1%82%D1%80%D1%83%D0%BA%D1%86%D0%B8%D1%8F.txt:Mozilla/5.0 (X11; Linux x86_64; rv:121.0) Gecko/20100101 Firefox/121.0
16:46:14:GET:/books/update/79c45cb8-b0c0-4968-949a-8378b2c2c2f9:Mozilla/5.0 (X11; Linux x86_64; rv:121.0) Gecko/20100101 Firefox/121.0
16:46:55:GET:/books/update/79c45cb8-b0c0-4968-949a-8378b2c2c2f9:Mozilla/5.0 (X11; Linux x86_64; rv:121.0) Gecko/20100101 Firefox/121.0
16:47:16:GET:/books/79c45cb8-b0c0-4968-949a-8378b2c2c2f9:Mozilla/5.0 (X11; Linux x86_64; rv:121.0) Gecko/20100101 Firefox/121.0
16:47:16:GET:/books/gnome-icon.png:Mozilla/5.0 (X11; Linux x86_64; rv:121.0) Gecko/20100101 Firefox/121.0
16:47:19:GET:/books/update/79c45cb8-b0c0-4968-949a-8378b2c2c2f9:Mozilla/5.0 (X11; Linux x86_64; rv:121.0) Gecko/20100101 Firefox/121.0
16:47:56:GET:/books/update/79c45cb8-b0c0-4968-949a-8378b2c2c2f9:Mozilla/5.0 (X11; Linux x86_64; rv:121.0) Gecko/20100101 Firefox/121.0
16:48:28:GET:/books/update/79c45cb8-b0c0-4968-949a-8378b2c2c2f9:Mozilla/5.0 (X11; Linux x86_64; rv:121.0) Gecko/20100101 Firefox/121.0
16:51:34:GET:/books/update/79c45cb8-b0c0-4968-949a-8378b2c2c2f9:Mozilla/5.0 (X11; Linux x86_64; rv:121.0) Gecko/20100101 Firefox/121.0
16:53:44:GET:/books/update/79c45cb8-b0c0-4968-949a-8378b2c2c2f9:Mozilla/5.0 (X11; Linux x86_64; rv:121.0) Gecko/20100101 Firefox/121.0
16:55:25:GET:/books:Mozilla/5.0 (X11; Linux x86_64; rv:121.0) Gecko/20100101 Firefox/121.0
16:55:51:GET:/books/update/79c45cb8-b0c0-4968-949a-8378b2c2c2f9:Mozilla/5.0 (X11; Linux x86_64; rv:121.0) Gecko/20100101 Firefox/121.0
16:56:30:GET:/books:Mozilla/5.0 (X11; Linux x86_64; rv:121.0) Gecko/20100101 Firefox/121.0
16:56:31:GET:/books:Mozilla/5.0 (X11; Linux x86_64; rv:121.0) Gecko/20100101 Firefox/121.0
16:57:53:GET:/books:Mozilla/5.0 (X11; Linux x86_64; rv:121.0) Gecko/20100101 Firefox/121.0
16:58:7:GET:/books/update/79c45cb8-b0c0-4968-949a-8378b2c2c2f9:Mozilla/5.0 (X11; Linux x86_64; rv:121.0) Gecko/20100101 Firefox/121.0
16:58:46:GET:/books/update/79c45cb8-b0c0-4968-949a-8378b2c2c2f9:Mozilla/5.0 (X11; Linux x86_64; rv:121.0) Gecko/20100101 Firefox/121.0
17:0:20:GET:/books/update/79c45cb8-b0c0-4968-949a-8378b2c2c2f9:Mozilla/5.0 (X11; Linux x86_64; rv:121.0) Gecko/20100101 Firefox/121.0
